
@----------------------------------------------------------@
|        PLINK!       |     v1.07      |   10/Aug/2009     |
|----------------------------------------------------------|
|  (C) 2009 Shaun Purcell, GNU General Public License, v2  |
|----------------------------------------------------------|
|  For documentation, citation & bug-report instructions:  |
|        http://pngu.mgh.harvard.edu/purcell/plink/        |
@----------------------------------------------------------@

Skipping web check... [ --noweb ] 
Writing this text to log file [ LEPTO/lepto_clean.log ]
Analysis started: Wed Feb 24 14:51:43 2016

Options in effect:
	--noweb
	--bfile LEPTO/lepto_immuno
	--maf 0.05
	--geno 0.1
	--make-bed
	--out LEPTO/lepto_clean

Reading map (extended format) from [ LEPTO/lepto_immuno.bim ] 
181906 markers to be included from [ LEPTO/lepto_immuno.bim ]
Reading pedigree information from [ LEPTO/lepto_immuno.fam ] 
266 individuals read from [ LEPTO/lepto_immuno.fam ] 
266 individuals with nonmissing phenotypes
Assuming a disease phenotype (1=unaff, 2=aff, 0=miss)
Missing phenotype value is also -9
182 cases, 84 controls and 0 missing
214 males, 52 females, and 0 of unspecified sex
Reading genotype bitfile from [ LEPTO/lepto_immuno.bed ] 
Detected that binary PED file is v1.00 SNP-major mode
Before frequency and genotyping pruning, there are 181906 SNPs
266 founders and 0 non-founders found
35043 heterozygous haploid genotypes; set to missing
Writing list of heterozygous haploid genotypes to [ LEPTO/lepto_clean.hh ]
74 SNPs with no founder genotypes observed
Warning, MAF set to 0 for these SNPs (see --nonfounders)
Writing list of these SNPs to [ LEPTO/lepto_clean.nof ]
Total genotyping rate in remaining individuals is 0.997698
0 SNPs failed missingness test ( GENO > 0.1 )
63759 SNPs failed frequency test ( MAF < 0.05 )
After frequency and genotyping pruning, there are 118147 SNPs
After filtering, 182 cases, 84 controls and 0 missing
After filtering, 214 males, 52 females, and 0 of unspecified sex
Writing pedigree information to [ LEPTO/lepto_clean.fam ] 
Writing map (extended format) information to [ LEPTO/lepto_clean.bim ] 
Writing genotype bitfile to [ LEPTO/lepto_clean.bed ] 
Using (default) SNP-major mode

Analysis finished: Wed Feb 24 14:51:47 2016

