
@----------------------------------------------------------@
|        PLINK!       |     v1.07      |   10/Aug/2009     |
|----------------------------------------------------------|
|  (C) 2009 Shaun Purcell, GNU General Public License, v2  |
|----------------------------------------------------------|
|  For documentation, citation & bug-report instructions:  |
|        http://pngu.mgh.harvard.edu/purcell/plink/        |
@----------------------------------------------------------@

Skipping web check... [ --noweb ] 
Writing this text to log file [ lepto_fin_pruned.log ]
Analysis started: Mon Mar 14 23:56:46 2016

Options in effect:
	--noweb
	--bfile lepto
	--extract plink.prune.in
	--make-bed
	--out lepto_fin_pruned

Reading map (extended format) from [ lepto.bim ] 
181906 markers to be included from [ lepto.bim ]
Reading pedigree information from [ lepto.fam ] 
266 individuals read from [ lepto.fam ] 
266 individuals with nonmissing phenotypes
Assuming a disease phenotype (1=unaff, 2=aff, 0=miss)
Missing phenotype value is also -9
182 cases, 84 controls and 0 missing
214 males, 52 females, and 0 of unspecified sex
Reading genotype bitfile from [ lepto.bed ] 
Detected that binary PED file is v1.00 SNP-major mode
Reading list of SNPs to extract [ plink.prune.in ] ... 38600 read
Before frequency and genotyping pruning, there are 38600 SNPs
266 founders and 0 non-founders found
1023 heterozygous haploid genotypes; set to missing
Writing list of heterozygous haploid genotypes to [ lepto_fin_pruned.hh ]
Total genotyping rate in remaining individuals is 0.99793
0 SNPs failed missingness test ( GENO > 1 )
0 SNPs failed frequency test ( MAF < 0 )
After frequency and genotyping pruning, there are 38600 SNPs
After filtering, 182 cases, 84 controls and 0 missing
After filtering, 214 males, 52 females, and 0 of unspecified sex
Writing pedigree information to [ lepto_fin_pruned.fam ] 
Writing map (extended format) information to [ lepto_fin_pruned.bim ] 
Writing genotype bitfile to [ lepto_fin_pruned.bed ] 
Using (default) SNP-major mode

Analysis finished: Mon Mar 14 23:56:49 2016

